open view/default/geek.html: no such file or directory
/root/gowork/src/github.com/jack-zh/zGoBlog/app/app.go:80 (0x4413fb)
	func.002: go LogError(append(append(context.Body, []byte("\n")...), debug.Stack()...))
/root/gowork/src/github.com/jack-zh/zGoBlog/fweb/app.go:65 (0x48fb7a)
	func.001: app.inter["recover"](context)
/root/.goroot/src/runtime/asm_amd64.s:401 (0x43ae45)
	call16: CALLFN(·call16, 16)
/root/.goroot/src/runtime/panic.go:387 (0x412468)
	gopanic: reflectcall(unsafe.Pointer(d.fn), deferArgs(d), uint32(d.siz), uint32(d.siz))
/root/gowork/src/github.com/jack-zh/zGoBlog/fweb/context.go:366 (0x48d14f)
	(*Context).Render: panic(e)
/root/gowork/src/github.com/jack-zh/zGoBlog/app/handler/func.go:59 (0x44e4d4)
	(*themeContext).Render: tc.context.Render(path.Join(tc.theme, tpl), data)
/root/gowork/src/github.com/jack-zh/zGoBlog/app/handler/home.go:62 (0x44faa2)
	Geek: Theme(context).Layout("geek").Render("geek", nil)
/root/gowork/src/github.com/jack-zh/zGoBlog/fweb/app.go:113 (0x48910b)
	(*App).handler: f(context)
/root/gowork/src/github.com/jack-zh/zGoBlog/fweb/app.go:139 (0x489436)
	(*App).ServeHTTP: app.handler(res, req)
/root/.goroot/src/net/http/server.go:1703 (0x4a838a)
	serverHandler.ServeHTTP: handler.ServeHTTP(rw, req)
/root/.goroot/src/net/http/server.go:1204 (0x4a5e57)
	(*conn).serve: serverHandler{c.server}.ServeHTTP(w, w.req)
/root/.goroot/src/runtime/asm_amd64.s:2232 (0x43cf61)
	goexit: 
